2021/03/20 17:31:54:INFO:discord: ----------
2021/03/20 17:31:54:INFO:discord: bot Loading...
2021/03/20 17:31:54:INFO:discord: bot Loading...
2021/03/20 17:31:54:INFO:discord: >> Bot is online <<
2021/03/20 17:31:54:INFO:discord: >> Bot is online <<
2021/03/20 17:31:54:INFO:discord: >> Bot is online <<
2021/03/20 17:31:54:INFO:discord.event: Â°ð™±ÇåŒæ¨‚èŠå¤©ç¾¤â™¡ > æ¸¬è©¦log > ÇÉ¹Ä±É”#0001 > 456456456
2021/03/20 17:31:54:INFO:discord.event: Â°ð™±ÇåŒæ¨‚èŠå¤©ç¾¤â™¡ > æ¸¬è©¦log > ÇÉ¹Ä±É”#0001 > 456456456
2021/03/20 17:31:54:INFO:discord.event: Â°ð™±ÇåŒæ¨‚èŠå¤©ç¾¤â™¡ > æ¸¬è©¦log > ÇÉ¹Ä±É”#0001 > 456456456
2021/03/20 17:31:54:INFO:discord.event: Â°ð™±ÇåŒæ¨‚èŠå¤©ç¾¤â™¡ > æ¸¬è©¦log > ÇÉ¹Ä±É”#0001 > 456456456
2021/03/20 17:31:54:INFO:discord.event: Â°ð™±ÇåŒæ¨‚èŠå¤©ç¾¤â™¡ > æ¸¬è©¦log > ÇÉ¹Ä±É”#0001 > 456456456
2021/03/20 17:31:54:INFO:discord.event: Â°ð™±ÇåŒæ¨‚èŠå¤©ç¾¤â™¡ > æ¸¬è©¦log > ÇÉ¹Ä±É”#0001 > 456456456
2021/03/20 17:31:54:INFO:discord.event: Â°ð™±ÇåŒæ¨‚èŠå¤©ç¾¤â™¡ > æ¸¬è©¦log > ÇÉ¹Ä±É”#0001 > testttt
2021/03/20 17:31:54:INFO:discord.event: Â°ð™±ÇåŒæ¨‚èŠå¤©ç¾¤â™¡ > æ¸¬è©¦log > ÇÉ¹Ä±É”#0001 > testttt
2021/03/20 17:31:54:INFO:discord.event: Â°ð™±ÇåŒæ¨‚èŠå¤©ç¾¤â™¡ > æ¸¬è©¦log > ÇÉ¹Ä±É”#0001 > testttt
2021/03/20 17:33:03:INFO:discord: ----------
2021/03/20 17:33:03:INFO:discord: bot Loading...
2021/03/20 17:33:03:INFO:discord: bot Loading...
2021/03/20 17:33:03:INFO:discord: >> Bot is online <<
2021/03/20 17:33:03:INFO:discord: >> Bot is online <<
2021/03/20 17:33:03:INFO:discord: >> Bot is online <<
2021/03/20 17:33:13:INFO:discord: ----------
2021/03/20 17:33:13:INFO:discord: bot Loading...
2021/03/20 17:33:13:INFO:discord: bot Loading...
2021/03/20 17:33:13:INFO:discord: >> Bot is online <<
2021/03/20 17:33:13:INFO:discord: >> Bot is online <<
2021/03/20 17:33:13:INFO:discord: >> Bot is online <<
2021/03/20 17:33:13:INFO:discord.event: Â°ð™±ÇåŒæ¨‚èŠå¤©ç¾¤â™¡ > æ¸¬è©¦log > ÇÉ¹Ä±É”#0001 > wwwds
2021/03/20 17:33:13:INFO:discord.event: Â°ð™±ÇåŒæ¨‚èŠå¤©ç¾¤â™¡ > æ¸¬è©¦log > ÇÉ¹Ä±É”#0001 > wwwds
2021/03/20 17:33:13:INFO:discord.event: Â°ð™±ÇåŒæ¨‚èŠå¤©ç¾¤â™¡ > æ¸¬è©¦log > ÇÉ¹Ä±É”#0001 > wwwds
2021/03/20 17:33:13:INFO:discord.event: Â°ð™±ÇåŒæ¨‚èŠå¤©ç¾¤â™¡ > æ¸¬è©¦log > ÇÉ¹Ä±É”#0001 > w15d1s3
2021/03/20 17:33:13:INFO:discord.event: Â°ð™±ÇåŒæ¨‚èŠå¤©ç¾¤â™¡ > æ¸¬è©¦log > ÇÉ¹Ä±É”#0001 > w15d1s3
2021/03/20 17:33:13:INFO:discord.event: Â°ð™±ÇåŒæ¨‚èŠå¤©ç¾¤â™¡ > æ¸¬è©¦log > ÇÉ¹Ä±É”#0001 > w15d1s3
2021/03/20 17:33:13:INFO:discord.event: Â°ð™±ÇåŒæ¨‚èŠå¤©ç¾¤â™¡ > æ¸¬è©¦log > ÇÉ¹Ä±É”#0001 > 460
2021/03/20 17:33:13:INFO:discord.event: Â°ð™±ÇåŒæ¨‚èŠå¤©ç¾¤â™¡ > æ¸¬è©¦log > ÇÉ¹Ä±É”#0001 > 460
2021/03/20 17:33:13:INFO:discord.event: Â°ð™±ÇåŒæ¨‚èŠå¤©ç¾¤â™¡ > æ¸¬è©¦log > ÇÉ¹Ä±É”#0001 > 460
2021/03/20 17:33:13:INFO:discord.event: Â°ð™±ÇåŒæ¨‚èŠå¤©ç¾¤â™¡ > æ¸¬è©¦log > ÇÉ¹Ä±É”#0001 > é˜¿è¹¦è±¬
2021/03/20 17:33:13:INFO:discord.event: Â°ð™±ÇåŒæ¨‚èŠå¤©ç¾¤â™¡ > æ¸¬è©¦log > ÇÉ¹Ä±É”#0001 > é˜¿è¹¦è±¬
2021/03/20 17:33:13:INFO:discord.event: Â°ð™±ÇåŒæ¨‚èŠå¤©ç¾¤â™¡ > æ¸¬è©¦log > ÇÉ¹Ä±É”#0001 > é˜¿è¹¦è±¬
2021/03/20 17:33:13:INFO:discord.event: Â°ð™±ÇåŒæ¨‚èŠå¤©ç¾¤â™¡ > æ¸¬è©¦log > 1é¼ #7417 > **è¹¦è¹¦å‘Šè¨´æœ¬é¼ ä»–è¦åŽ»ç¡è¦ºäº†ï¼**
2021/03/20 17:33:13:INFO:discord.event: Â°ð™±ÇåŒæ¨‚èŠå¤©ç¾¤â™¡ > æ¸¬è©¦log > 1é¼ #7417 > **è¹¦è¹¦å‘Šè¨´æœ¬é¼ ä»–è¦åŽ»ç¡è¦ºäº†ï¼**
2021/03/20 17:33:13:INFO:discord.event: Â°ð™±ÇåŒæ¨‚èŠå¤©ç¾¤â™¡ > æ¸¬è©¦log > 1é¼ #7417 > **è¹¦è¹¦å‘Šè¨´æœ¬é¼ ä»–è¦åŽ»ç¡è¦ºäº†ï¼**
2021/03/20 17:33:13:INFO:discord.event: Â°ð™±ÇåŒæ¨‚èŠå¤©ç¾¤â™¡ > ä¼ºæœå™¨ç´€éŒ„ > 1é¼ #7417 > 
2021/03/20 17:33:13:INFO:discord.event: Â°ð™±ÇåŒæ¨‚èŠå¤©ç¾¤â™¡ > ä¼ºæœå™¨ç´€éŒ„ > 1é¼ #7417 > 
2021/03/20 17:33:13:INFO:discord.event: Â°ð™±ÇåŒæ¨‚èŠå¤©ç¾¤â™¡ > ä¼ºæœå™¨ç´€éŒ„ > 1é¼ #7417 > 
