2021/03/20 17:33:15:INFO:discord.event: Â°ð™±ÇåŒæ¨‚èŠå¤©ç¾¤â™¡ > æ¸¬è©¦log > ÇÉ¹Ä±É”#0001 > wwwds
2021/03/20 17:33:15:INFO:discord.event: Â°ð™±ÇåŒæ¨‚èŠå¤©ç¾¤â™¡ > æ¸¬è©¦log > ÇÉ¹Ä±É”#0001 > w15d1s3
2021/03/20 17:33:17:INFO:discord.event: Â°ð™±ÇåŒæ¨‚èŠå¤©ç¾¤â™¡ > æ¸¬è©¦log > ÇÉ¹Ä±É”#0001 > w15d1s3
2021/03/20 17:33:15:INFO:discord.event: Â°ð™±ÇåŒæ¨‚èŠå¤©ç¾¤â™¡ > æ¸¬è©¦log > ÇÉ¹Ä±É”#0001 > 460
2021/03/20 17:33:17:INFO:discord.event: Â°ð™±ÇåŒæ¨‚èŠå¤©ç¾¤â™¡ > æ¸¬è©¦log > ÇÉ¹Ä±É”#0001 > 460
2021/03/20 17:33:23:INFO:discord.event: Â°ð™±ÇåŒæ¨‚èŠå¤©ç¾¤â™¡ > æ¸¬è©¦log > ÇÉ¹Ä±É”#0001 > 460
2021/03/20 17:33:15:INFO:discord.event: Â°ð™±ÇåŒæ¨‚èŠå¤©ç¾¤â™¡ > æ¸¬è©¦log > ÇÉ¹Ä±É”#0001 > é˜¿è¹¦è±¬
2021/03/20 17:33:17:INFO:discord.event: Â°ð™±ÇåŒæ¨‚èŠå¤©ç¾¤â™¡ > æ¸¬è©¦log > ÇÉ¹Ä±É”#0001 > é˜¿è¹¦è±¬
2021/03/20 17:33:23:INFO:discord.event: Â°ð™±ÇåŒæ¨‚èŠå¤©ç¾¤â™¡ > æ¸¬è©¦log > ÇÉ¹Ä±É”#0001 > é˜¿è¹¦è±¬
2021/03/20 17:33:40:INFO:discord.event: Â°ð™±ÇåŒæ¨‚èŠå¤©ç¾¤â™¡ > æ¸¬è©¦log > ÇÉ¹Ä±É”#0001 > é˜¿è¹¦è±¬
2021/03/20 17:33:15:INFO:discord.event: Â°ð™±ÇåŒæ¨‚èŠå¤©ç¾¤â™¡ > æ¸¬è©¦log > 1é¼ #7417 > **è¹¦è¹¦å‘Šè¨´æœ¬é¼ ä»–è¦åŽ»ç¡è¦ºäº†ï¼**
2021/03/20 17:33:17:INFO:discord.event: Â°ð™±ÇåŒæ¨‚èŠå¤©ç¾¤â™¡ > æ¸¬è©¦log > 1é¼ #7417 > **è¹¦è¹¦å‘Šè¨´æœ¬é¼ ä»–è¦åŽ»ç¡è¦ºäº†ï¼**
2021/03/20 17:33:23:INFO:discord.event: Â°ð™±ÇåŒæ¨‚èŠå¤©ç¾¤â™¡ > æ¸¬è©¦log > 1é¼ #7417 > **è¹¦è¹¦å‘Šè¨´æœ¬é¼ ä»–è¦åŽ»ç¡è¦ºäº†ï¼**
2021/03/20 17:33:40:INFO:discord.event: Â°ð™±ÇåŒæ¨‚èŠå¤©ç¾¤â™¡ > æ¸¬è©¦log > 1é¼ #7417 > **è¹¦è¹¦å‘Šè¨´æœ¬é¼ ä»–è¦åŽ»ç¡è¦ºäº†ï¼**
2021/03/20 17:33:41:INFO:discord.event: Â°ð™±ÇåŒæ¨‚èŠå¤©ç¾¤â™¡ > æ¸¬è©¦log > 1é¼ #7417 > **è¹¦è¹¦å‘Šè¨´æœ¬é¼ ä»–è¦åŽ»ç¡è¦ºäº†ï¼**
2021/03/20 17:33:15:INFO:discord.event: Â°ð™±ÇåŒæ¨‚èŠå¤©ç¾¤â™¡ > ä¼ºæœå™¨ç´€éŒ„ > 1é¼ #7417 > 
2021/03/20 17:33:17:INFO:discord.event: Â°ð™±ÇåŒæ¨‚èŠå¤©ç¾¤â™¡ > ä¼ºæœå™¨ç´€éŒ„ > 1é¼ #7417 > 
2021/03/20 17:33:23:INFO:discord.event: Â°ð™±ÇåŒæ¨‚èŠå¤©ç¾¤â™¡ > ä¼ºæœå™¨ç´€éŒ„ > 1é¼ #7417 > 
2021/03/20 17:33:40:INFO:discord.event: Â°ð™±ÇåŒæ¨‚èŠå¤©ç¾¤â™¡ > ä¼ºæœå™¨ç´€éŒ„ > 1é¼ #7417 > 
2021/03/20 17:33:41:INFO:discord.event: Â°ð™±ÇåŒæ¨‚èŠå¤©ç¾¤â™¡ > ä¼ºæœå™¨ç´€éŒ„ > 1é¼ #7417 > 
2021/03/20 17:33:41:INFO:discord.event: Â°ð™±ÇåŒæ¨‚èŠå¤©ç¾¤â™¡ > ä¼ºæœå™¨ç´€éŒ„ > 1é¼ #7417 > 
